C:\USERS\SILENT2\DESKTOP\SILENT\NINJA_COD_ENGINE\NINJA_COD_ENGINE\AW\NINJAPLUGIN\RELEASE RETAIL\360D3D.OBJ
C:\Users\Silent2\Desktop\silent\NiNJA_COD_ENGINE\NiNJA_COD_ENGINE\AW\NinjaPlugin\Release Retail\AW.ENGINE.xex
C:\USERS\SILENT2\DESKTOP\SILENT\NINJA_COD_ENGINE\NINJA_COD_ENGINE\AW\NINJAPLUGIN\RELEASE RETAIL\AW.OBJ
C:\USERS\SILENT2\DESKTOP\SILENT\NINJA_COD_ENGINE\NINJA_COD_ENGINE\AW\NINJAPLUGIN\RELEASE RETAIL\BLOPSMENU.OBJ
C:\Users\Silent2\Desktop\silent\NiNJA_COD_ENGINE\NiNJA_COD_ENGINE\AW\NinjaPlugin\Release Retail\cl.command.1.tlog
C:\Users\Silent2\Desktop\silent\NiNJA_COD_ENGINE\NiNJA_COD_ENGINE\AW\NinjaPlugin\Release Retail\CL.read.1.tlog
C:\Users\Silent2\Desktop\silent\NiNJA_COD_ENGINE\NiNJA_COD_ENGINE\AW\NinjaPlugin\Release Retail\CL.write.1.tlog
C:\USERS\SILENT2\DESKTOP\SILENT\NINJA_COD_ENGINE\NINJA_COD_ENGINE\AW\NINJAPLUGIN\RELEASE RETAIL\GLOBALS.OBJ
C:\USERS\SILENT2\DESKTOP\SILENT\NINJA_COD_ENGINE\NINJA_COD_ENGINE\AW\NINJAPLUGIN\RELEASE RETAIL\HVPEEKPOKE.OBJ
C:\USERS\SILENT2\DESKTOP\SILENT\NINJA_COD_ENGINE\NINJA_COD_ENGINE\AW\NINJAPLUGIN\RELEASE RETAIL\LAUNCH.OBJ
C:\Users\Silent2\Desktop\silent\NiNJA_COD_ENGINE\NiNJA_COD_ENGINE\AW\NinjaPlugin\Release Retail\link.command.1.tlog
C:\Users\Silent2\Desktop\silent\NiNJA_COD_ENGINE\NiNJA_COD_ENGINE\AW\NinjaPlugin\Release Retail\link.read.1.tlog
C:\Users\Silent2\Desktop\silent\NiNJA_COD_ENGINE\NiNJA_COD_ENGINE\AW\NinjaPlugin\Release Retail\link.write.1.tlog
C:\USERS\SILENT2\DESKTOP\SILENT\NINJA_COD_ENGINE\NINJA_COD_ENGINE\AW\NINJAPLUGIN\RELEASE RETAIL\NINJA_AW.DLL
C:\USERS\SILENT2\DESKTOP\SILENT\NINJA_COD_ENGINE\NINJA_COD_ENGINE\AW\NINJAPLUGIN\RELEASE RETAIL\NINJA_AW.PDB
C:\Users\Silent2\Desktop\silent\NiNJA_COD_ENGINE\NiNJA_COD_ENGINE\AW\NinjaPlugin\Release Retail\NiNJA_AW.xdb
C:\USERS\SILENT2\DESKTOP\SILENT\NINJA_COD_ENGINE\NINJA_COD_ENGINE\AW\NINJAPLUGIN\RELEASE RETAIL\NINJA_PLUGIN.OBJ
C:\USERS\SILENT2\DESKTOP\SILENT\NINJA_COD_ENGINE\NINJA_COD_ENGINE\AW\NINJAPLUGIN\RELEASE RETAIL\STDAFX.OBJ
C:\USERS\SILENT2\DESKTOP\SILENT\NINJA_COD_ENGINE\NINJA_COD_ENGINE\AW\NINJAPLUGIN\RELEASE RETAIL\TITLESPECIFICHOOKS.OBJ
C:\USERS\SILENT2\DESKTOP\SILENT\NINJA_COD_ENGINE\NINJA_COD_ENGINE\AW\NINJAPLUGIN\RELEASE RETAIL\UTILITIES.OBJ
C:\USERS\SILENT2\DESKTOP\SILENT\NINJA_COD_ENGINE\NINJA_COD_ENGINE\AW\NINJAPLUGIN\RELEASE RETAIL\VC100.PDB
C:\USERS\SILENT2\DESKTOP\SILENT\NINJA_COD_ENGINE\NINJA_COD_ENGINE\AW\NINJAPLUGIN\RELEASE RETAIL\XBLSMSGR.OBJ
