C:\USERS\OWNER\DOCUMENTS\MENUS VS\NINJA_COD_ENGINE\BO2\NINJAPLUGIN\RELEASE RETAIL\360D3D.OBJ
C:\USERS\OWNER\DOCUMENTS\MENUS VS\NINJA_COD_ENGINE\BO2\NINJAPLUGIN\RELEASE RETAIL\BLOPSMENU.OBJ
C:\USERS\OWNER\DOCUMENTS\MENUS VS\NINJA_COD_ENGINE\BO2\NINJAPLUGIN\RELEASE RETAIL\BO2.OBJ
C:\USERS\OWNER\DOCUMENTS\MENUS VS\NINJA_COD_ENGINE\BO2\NINJAPLUGIN\RELEASE RETAIL\DETOUR.OBJ
C:\USERS\OWNER\DOCUMENTS\MENUS VS\NINJA_COD_ENGINE\BO2\NINJAPLUGIN\RELEASE RETAIL\GEOLOCATIONPARSER.OBJ
C:\USERS\OWNER\DOCUMENTS\MENUS VS\NINJA_COD_ENGINE\BO2\NINJAPLUGIN\RELEASE RETAIL\GLOBALS.OBJ
C:\USERS\OWNER\DOCUMENTS\MENUS VS\NINJA_COD_ENGINE\BO2\NINJAPLUGIN\RELEASE RETAIL\HTTPREQUEST.OBJ
C:\USERS\OWNER\DOCUMENTS\MENUS VS\NINJA_COD_ENGINE\BO2\NINJAPLUGIN\RELEASE RETAIL\HVPEEKPOKE.OBJ
C:\USERS\OWNER\DOCUMENTS\MENUS VS\NINJA_COD_ENGINE\BO2\NINJAPLUGIN\RELEASE RETAIL\LAUNCH.OBJ
C:\USERS\OWNER\DOCUMENTS\MENUS VS\NINJA_COD_ENGINE\BO2\NINJAPLUGIN\RELEASE RETAIL\MEMORYMANAGER.OBJ
C:\USERS\OWNER\DOCUMENTS\MENUS VS\NINJA_COD_ENGINE\BO2\NINJAPLUGIN\RELEASE RETAIL\MENU.OBJ
C:\USERS\OWNER\DOCUMENTS\MENUS VS\NINJA_COD_ENGINE\BO2\NINJAPLUGIN\RELEASE RETAIL\NINJA_BO2.DLL
C:\USERS\OWNER\DOCUMENTS\MENUS VS\NINJA_COD_ENGINE\BO2\NINJAPLUGIN\RELEASE RETAIL\NINJA_BO2.PDB
C:\USERS\OWNER\DOCUMENTS\MENUS VS\NINJA_COD_ENGINE\BO2\NINJAPLUGIN\RELEASE RETAIL\NINJA_PLUGIN.OBJ
C:\USERS\OWNER\DOCUMENTS\MENUS VS\NINJA_COD_ENGINE\BO2\NINJAPLUGIN\RELEASE RETAIL\SECURESTRINGS.OBJ
C:\USERS\OWNER\DOCUMENTS\MENUS VS\NINJA_COD_ENGINE\BO2\NINJAPLUGIN\RELEASE RETAIL\STDAFX.OBJ
C:\USERS\OWNER\DOCUMENTS\MENUS VS\NINJA_COD_ENGINE\BO2\NINJAPLUGIN\RELEASE RETAIL\TITLESPECIFICHOOKS.OBJ
C:\USERS\OWNER\DOCUMENTS\MENUS VS\NINJA_COD_ENGINE\BO2\NINJAPLUGIN\RELEASE RETAIL\UTILITIES.OBJ
C:\USERS\OWNER\DOCUMENTS\MENUS VS\NINJA_COD_ENGINE\BO2\NINJAPLUGIN\RELEASE RETAIL\VC100.PDB
C:\USERS\OWNER\DOCUMENTS\MENUS VS\NINJA_COD_ENGINE\BO2\NINJAPLUGIN\RELEASE RETAIL\XBLSMSGR.OBJ
C:\Users\XDKSi\Desktop\NiNJA COD ENGINE V1\BO2\NinjaPlugin\Release Retail\360D3D.obj
C:\Users\XDKSi\Desktop\NiNJA COD ENGINE V1\BO2\NinjaPlugin\Release Retail\BlopsMenu.obj
C:\Users\XDKSi\Desktop\NiNJA COD ENGINE V1\BO2\NinjaPlugin\Release Retail\BO2.ENGINE.xex
C:\Users\XDKSi\Desktop\NiNJA COD ENGINE V1\BO2\NinjaPlugin\Release Retail\BO2.obj
C:\Users\XDKSi\Desktop\NiNJA COD ENGINE V1\BO2\NinjaPlugin\Release Retail\cl.command.1.tlog
C:\Users\XDKSi\Desktop\NiNJA COD ENGINE V1\BO2\NinjaPlugin\Release Retail\CL.read.1.tlog
C:\Users\XDKSi\Desktop\NiNJA COD ENGINE V1\BO2\NinjaPlugin\Release Retail\CL.write.1.tlog
C:\Users\XDKSi\Desktop\NiNJA COD ENGINE V1\BO2\NinjaPlugin\Release Retail\Detour.obj
C:\Users\XDKSi\Desktop\NiNJA COD ENGINE V1\BO2\NinjaPlugin\Release Retail\GeoLocationParser.obj
C:\Users\XDKSi\Desktop\NiNJA COD ENGINE V1\BO2\NinjaPlugin\Release Retail\Globals.obj
C:\Users\XDKSi\Desktop\NiNJA COD ENGINE V1\BO2\NinjaPlugin\Release Retail\HttpRequest.obj
C:\Users\XDKSi\Desktop\NiNJA COD ENGINE V1\BO2\NinjaPlugin\Release Retail\HvPeekPoke.obj
C:\Users\XDKSi\Desktop\NiNJA COD ENGINE V1\BO2\NinjaPlugin\Release Retail\launch.obj
C:\Users\XDKSi\Desktop\NiNJA COD ENGINE V1\BO2\NinjaPlugin\Release Retail\link.command.1.tlog
C:\Users\XDKSi\Desktop\NiNJA COD ENGINE V1\BO2\NinjaPlugin\Release Retail\link.read.1.tlog
C:\Users\XDKSi\Desktop\NiNJA COD ENGINE V1\BO2\NinjaPlugin\Release Retail\link.write.1.tlog
C:\Users\XDKSi\Desktop\NiNJA COD ENGINE V1\BO2\NinjaPlugin\Release Retail\MemoryManager.obj
C:\Users\XDKSi\Desktop\NiNJA COD ENGINE V1\BO2\NinjaPlugin\Release Retail\Menu.obj
C:\Users\XDKSi\Desktop\NiNJA COD ENGINE V1\BO2\NinjaPlugin\Release Retail\NiNJA_BO2.pdb
C:\Users\XDKSi\Desktop\NiNJA COD ENGINE V1\BO2\NinjaPlugin\Release Retail\NiNJA_BO2.xdb
C:\Users\XDKSi\Desktop\NiNJA COD ENGINE V1\BO2\NinjaPlugin\Release Retail\NiNJA_Plugin.obj
C:\Users\XDKSi\Desktop\NiNJA COD ENGINE V1\BO2\NinjaPlugin\Release Retail\SecureStrings.obj
C:\Users\XDKSi\Desktop\NiNJA COD ENGINE V1\BO2\NinjaPlugin\Release Retail\stdafx.obj
C:\Users\XDKSi\Desktop\NiNJA COD ENGINE V1\BO2\NinjaPlugin\Release Retail\TitleSpecificHooks.obj
C:\Users\XDKSi\Desktop\NiNJA COD ENGINE V1\BO2\NinjaPlugin\Release Retail\Utilities.obj
C:\Users\XDKSi\Desktop\NiNJA COD ENGINE V1\BO2\NinjaPlugin\Release Retail\vc100.pdb
C:\Users\XDKSi\Desktop\NiNJA COD ENGINE V1\BO2\NinjaPlugin\Release Retail\XBLSMsgr.obj
