C:\USERS\SILENT2\DESKTOP\SILENT\NINJA_COD_ENGINE\NINJA_COD_ENGINE\WAW\NINJAPLUGIN\RELEASE RETAIL\360D3D.OBJ
C:\USERS\SILENT2\DESKTOP\SILENT\NINJA_COD_ENGINE\NINJA_COD_ENGINE\WAW\NINJAPLUGIN\RELEASE RETAIL\BLOPSMENU.OBJ
C:\Users\Silent2\Desktop\silent\NiNJA_COD_ENGINE\NiNJA_COD_ENGINE\WAW\NinjaPlugin\Release Retail\cl.command.1.tlog
C:\Users\Silent2\Desktop\silent\NiNJA_COD_ENGINE\NiNJA_COD_ENGINE\WAW\NinjaPlugin\Release Retail\CL.read.1.tlog
C:\Users\Silent2\Desktop\silent\NiNJA_COD_ENGINE\NiNJA_COD_ENGINE\WAW\NinjaPlugin\Release Retail\CL.write.1.tlog
C:\USERS\SILENT2\DESKTOP\SILENT\NINJA_COD_ENGINE\NINJA_COD_ENGINE\WAW\NINJAPLUGIN\RELEASE RETAIL\DETOUR.OBJ
C:\USERS\SILENT2\DESKTOP\SILENT\NINJA_COD_ENGINE\NINJA_COD_ENGINE\WAW\NINJAPLUGIN\RELEASE RETAIL\GEOLOCATIONPARSER.OBJ
C:\USERS\SILENT2\DESKTOP\SILENT\NINJA_COD_ENGINE\NINJA_COD_ENGINE\WAW\NINJAPLUGIN\RELEASE RETAIL\GLOBALS.OBJ
C:\USERS\SILENT2\DESKTOP\SILENT\NINJA_COD_ENGINE\NINJA_COD_ENGINE\WAW\NINJAPLUGIN\RELEASE RETAIL\HTTPREQUEST.OBJ
C:\USERS\SILENT2\DESKTOP\SILENT\NINJA_COD_ENGINE\NINJA_COD_ENGINE\WAW\NINJAPLUGIN\RELEASE RETAIL\HVPEEKPOKE.OBJ
C:\USERS\SILENT2\DESKTOP\SILENT\NINJA_COD_ENGINE\NINJA_COD_ENGINE\WAW\NINJAPLUGIN\RELEASE RETAIL\LAUNCH.OBJ
C:\Users\Silent2\Desktop\silent\NiNJA_COD_ENGINE\NiNJA_COD_ENGINE\WAW\NinjaPlugin\Release Retail\link.command.1.tlog
C:\Users\Silent2\Desktop\silent\NiNJA_COD_ENGINE\NiNJA_COD_ENGINE\WAW\NinjaPlugin\Release Retail\link.read.1.tlog
C:\Users\Silent2\Desktop\silent\NiNJA_COD_ENGINE\NiNJA_COD_ENGINE\WAW\NinjaPlugin\Release Retail\link.write.1.tlog
C:\USERS\SILENT2\DESKTOP\SILENT\NINJA_COD_ENGINE\NINJA_COD_ENGINE\WAW\NINJAPLUGIN\RELEASE RETAIL\MEMORYMANAGER.OBJ
C:\USERS\SILENT2\DESKTOP\SILENT\NINJA_COD_ENGINE\NINJA_COD_ENGINE\WAW\NINJAPLUGIN\RELEASE RETAIL\MENU.OBJ
C:\USERS\SILENT2\DESKTOP\SILENT\NINJA_COD_ENGINE\NINJA_COD_ENGINE\WAW\NINJAPLUGIN\RELEASE RETAIL\NINJA_PLUGIN.OBJ
C:\USERS\SILENT2\DESKTOP\SILENT\NINJA_COD_ENGINE\NINJA_COD_ENGINE\WAW\NINJAPLUGIN\RELEASE RETAIL\NINJA_WAW.DLL
C:\USERS\SILENT2\DESKTOP\SILENT\NINJA_COD_ENGINE\NINJA_COD_ENGINE\WAW\NINJAPLUGIN\RELEASE RETAIL\NINJA_WAW.PDB
C:\Users\Silent2\Desktop\silent\NiNJA_COD_ENGINE\NiNJA_COD_ENGINE\WAW\NinjaPlugin\Release Retail\NiNJA_WAW.xdb
C:\USERS\SILENT2\DESKTOP\SILENT\NINJA_COD_ENGINE\NINJA_COD_ENGINE\WAW\NINJAPLUGIN\RELEASE RETAIL\SECURESTRINGS.OBJ
C:\USERS\SILENT2\DESKTOP\SILENT\NINJA_COD_ENGINE\NINJA_COD_ENGINE\WAW\NINJAPLUGIN\RELEASE RETAIL\STDAFX.OBJ
C:\USERS\SILENT2\DESKTOP\SILENT\NINJA_COD_ENGINE\NINJA_COD_ENGINE\WAW\NINJAPLUGIN\RELEASE RETAIL\TITLESPECIFICHOOKS.OBJ
C:\USERS\SILENT2\DESKTOP\SILENT\NINJA_COD_ENGINE\NINJA_COD_ENGINE\WAW\NINJAPLUGIN\RELEASE RETAIL\UTILITIES.OBJ
C:\USERS\SILENT2\DESKTOP\SILENT\NINJA_COD_ENGINE\NINJA_COD_ENGINE\WAW\NINJAPLUGIN\RELEASE RETAIL\VC100.PDB
C:\Users\Silent2\Desktop\silent\NiNJA_COD_ENGINE\NiNJA_COD_ENGINE\WAW\NinjaPlugin\Release Retail\WAW.ENGINE.xex
C:\USERS\SILENT2\DESKTOP\SILENT\NINJA_COD_ENGINE\NINJA_COD_ENGINE\WAW\NINJAPLUGIN\RELEASE RETAIL\WAW.OBJ
C:\USERS\SILENT2\DESKTOP\SILENT\NINJA_COD_ENGINE\NINJA_COD_ENGINE\WAW\NINJAPLUGIN\RELEASE RETAIL\XBLSMSGR.OBJ
