C:\Users\Silent2\Desktop\silent\NiNJA_COD_ENGINE\NiNJA_COD_ENGINE\COD4\NinjaPlugin\Release Retail\360D3D.obj
C:\Users\Silent2\Desktop\silent\NiNJA_COD_ENGINE\NiNJA_COD_ENGINE\COD4\NinjaPlugin\Release Retail\BlopsMenu.obj
C:\Users\Silent2\Desktop\silent\NiNJA_COD_ENGINE\NiNJA_COD_ENGINE\COD4\NinjaPlugin\Release Retail\CL.15076.read.1.tlog
C:\Users\Silent2\Desktop\silent\NiNJA_COD_ENGINE\NiNJA_COD_ENGINE\COD4\NinjaPlugin\Release Retail\CL.15076.write.1.tlog
C:\Users\Silent2\Desktop\silent\NiNJA_COD_ENGINE\NiNJA_COD_ENGINE\COD4\NinjaPlugin\Release Retail\CL.16780.read.1.tlog
C:\Users\Silent2\Desktop\silent\NiNJA_COD_ENGINE\NiNJA_COD_ENGINE\COD4\NinjaPlugin\Release Retail\CL.16780.write.1.tlog
C:\Users\Silent2\Desktop\silent\NiNJA_COD_ENGINE\NiNJA_COD_ENGINE\COD4\NinjaPlugin\Release Retail\CL.18536.read.1.tlog
C:\Users\Silent2\Desktop\silent\NiNJA_COD_ENGINE\NiNJA_COD_ENGINE\COD4\NinjaPlugin\Release Retail\CL.18536.write.1.tlog
C:\Users\Silent2\Desktop\silent\NiNJA_COD_ENGINE\NiNJA_COD_ENGINE\COD4\NinjaPlugin\Release Retail\CL.19308.read.1.tlog
C:\Users\Silent2\Desktop\silent\NiNJA_COD_ENGINE\NiNJA_COD_ENGINE\COD4\NinjaPlugin\Release Retail\CL.19308.write.1.tlog
C:\Users\Silent2\Desktop\silent\NiNJA_COD_ENGINE\NiNJA_COD_ENGINE\COD4\NinjaPlugin\Release Retail\cl.command.1.tlog
C:\Users\Silent2\Desktop\silent\NiNJA_COD_ENGINE\NiNJA_COD_ENGINE\COD4\NinjaPlugin\Release Retail\CL.read.1.tlog
C:\Users\Silent2\Desktop\silent\NiNJA_COD_ENGINE\NiNJA_COD_ENGINE\COD4\NinjaPlugin\Release Retail\cl.write.1.tlog
C:\Users\Silent2\Desktop\silent\NiNJA_COD_ENGINE\NiNJA_COD_ENGINE\COD4\NinjaPlugin\Release Retail\COD4.obj
C:\Users\Silent2\Desktop\silent\NiNJA_COD_ENGINE\NiNJA_COD_ENGINE\COD4\NinjaPlugin\Release Retail\Detour.obj
C:\Users\Silent2\Desktop\silent\NiNJA_COD_ENGINE\NiNJA_COD_ENGINE\COD4\NinjaPlugin\Release Retail\GeoLocationParser.obj
C:\Users\Silent2\Desktop\silent\NiNJA_COD_ENGINE\NiNJA_COD_ENGINE\COD4\NinjaPlugin\Release Retail\Globals.obj
C:\Users\Silent2\Desktop\silent\NiNJA_COD_ENGINE\NiNJA_COD_ENGINE\COD4\NinjaPlugin\Release Retail\HttpRequest.obj
C:\Users\Silent2\Desktop\silent\NiNJA_COD_ENGINE\NiNJA_COD_ENGINE\COD4\NinjaPlugin\Release Retail\HvPeekPoke.obj
C:\Users\Silent2\Desktop\silent\NiNJA_COD_ENGINE\NiNJA_COD_ENGINE\COD4\NinjaPlugin\Release Retail\launch.obj
C:\Users\Silent2\Desktop\silent\NiNJA_COD_ENGINE\NiNJA_COD_ENGINE\COD4\NinjaPlugin\Release Retail\link.command.1.tlog
C:\Users\Silent2\Desktop\silent\NiNJA_COD_ENGINE\NiNJA_COD_ENGINE\COD4\NinjaPlugin\Release Retail\link.read.1.tlog
C:\Users\Silent2\Desktop\silent\NiNJA_COD_ENGINE\NiNJA_COD_ENGINE\COD4\NinjaPlugin\Release Retail\link.write.1.tlog
C:\Users\Silent2\Desktop\silent\NiNJA_COD_ENGINE\NiNJA_COD_ENGINE\COD4\NinjaPlugin\Release Retail\MemoryManager.obj
C:\Users\Silent2\Desktop\silent\NiNJA_COD_ENGINE\NiNJA_COD_ENGINE\COD4\NinjaPlugin\Release Retail\Menu.obj
C:\Users\Silent2\Desktop\silent\NiNJA_COD_ENGINE\NiNJA_COD_ENGINE\COD4\NinjaPlugin\Release Retail\MW1.ENGINE.xex
C:\USERS\SILENT2\DESKTOP\SILENT\NINJA_COD_ENGINE\NINJA_COD_ENGINE\COD4\NINJAPLUGIN\RELEASE RETAIL\NINJA_COD4.DLL
C:\USERS\SILENT2\DESKTOP\SILENT\NINJA_COD_ENGINE\NINJA_COD_ENGINE\COD4\NINJAPLUGIN\RELEASE RETAIL\NINJA_COD4.PDB
C:\Users\Silent2\Desktop\silent\NiNJA_COD_ENGINE\NiNJA_COD_ENGINE\COD4\NinjaPlugin\Release Retail\NiNJA_COD4.xdb
C:\Users\Silent2\Desktop\silent\NiNJA_COD_ENGINE\NiNJA_COD_ENGINE\COD4\NinjaPlugin\Release Retail\NiNJA_Plugin.obj
C:\Users\Silent2\Desktop\silent\NiNJA_COD_ENGINE\NiNJA_COD_ENGINE\COD4\NinjaPlugin\Release Retail\SecureStrings.obj
C:\Users\Silent2\Desktop\silent\NiNJA_COD_ENGINE\NiNJA_COD_ENGINE\COD4\NinjaPlugin\Release Retail\stdafx.obj
C:\Users\Silent2\Desktop\silent\NiNJA_COD_ENGINE\NiNJA_COD_ENGINE\COD4\NinjaPlugin\Release Retail\TitleSpecificHooks.obj
C:\Users\Silent2\Desktop\silent\NiNJA_COD_ENGINE\NiNJA_COD_ENGINE\COD4\NinjaPlugin\Release Retail\Utilities.obj
C:\USERS\SILENT2\DESKTOP\SILENT\NINJA_COD_ENGINE\NINJA_COD_ENGINE\COD4\NINJAPLUGIN\RELEASE RETAIL\VC100.PDB
C:\Users\Silent2\Desktop\silent\NiNJA_COD_ENGINE\NiNJA_COD_ENGINE\COD4\NinjaPlugin\Release Retail\XBLSMsgr.obj
