C:\USERS\SILENT2\DESKTOP\SILENT\NINJA_COD_ENGINE\NINJA_COD_ENGINE\BO3\NINJAPLUGIN\RELEASE RETAIL\360D3D.OBJ
C:\USERS\SILENT2\DESKTOP\SILENT\NINJA_COD_ENGINE\NINJA_COD_ENGINE\BO3\NINJAPLUGIN\RELEASE RETAIL\BLOPSMENU.OBJ
C:\Users\Silent2\Desktop\silent\NiNJA_COD_ENGINE\NiNJA_COD_ENGINE\BO3\NinjaPlugin\Release Retail\BO3.ENGINE.xex
C:\USERS\SILENT2\DESKTOP\SILENT\NINJA_COD_ENGINE\NINJA_COD_ENGINE\BO3\NINJAPLUGIN\RELEASE RETAIL\BO3.OBJ
C:\Users\Silent2\Desktop\silent\NiNJA_COD_ENGINE\NiNJA_COD_ENGINE\BO3\NinjaPlugin\Release Retail\cl.command.1.tlog
C:\Users\Silent2\Desktop\silent\NiNJA_COD_ENGINE\NiNJA_COD_ENGINE\BO3\NinjaPlugin\Release Retail\CL.read.1.tlog
C:\Users\Silent2\Desktop\silent\NiNJA_COD_ENGINE\NiNJA_COD_ENGINE\BO3\NinjaPlugin\Release Retail\CL.write.1.tlog
C:\USERS\SILENT2\DESKTOP\SILENT\NINJA_COD_ENGINE\NINJA_COD_ENGINE\BO3\NINJAPLUGIN\RELEASE RETAIL\GLOBALS.OBJ
C:\USERS\SILENT2\DESKTOP\SILENT\NINJA_COD_ENGINE\NINJA_COD_ENGINE\BO3\NINJAPLUGIN\RELEASE RETAIL\HVPEEKPOKE.OBJ
C:\USERS\SILENT2\DESKTOP\SILENT\NINJA_COD_ENGINE\NINJA_COD_ENGINE\BO3\NINJAPLUGIN\RELEASE RETAIL\LAUNCH.OBJ
C:\Users\Silent2\Desktop\silent\NiNJA_COD_ENGINE\NiNJA_COD_ENGINE\BO3\NinjaPlugin\Release Retail\link.command.1.tlog
C:\Users\Silent2\Desktop\silent\NiNJA_COD_ENGINE\NiNJA_COD_ENGINE\BO3\NinjaPlugin\Release Retail\link.read.1.tlog
C:\Users\Silent2\Desktop\silent\NiNJA_COD_ENGINE\NiNJA_COD_ENGINE\BO3\NinjaPlugin\Release Retail\link.write.1.tlog
C:\USERS\SILENT2\DESKTOP\SILENT\NINJA_COD_ENGINE\NINJA_COD_ENGINE\BO3\NINJAPLUGIN\RELEASE RETAIL\NINJA_BO3.DLL
C:\USERS\SILENT2\DESKTOP\SILENT\NINJA_COD_ENGINE\NINJA_COD_ENGINE\BO3\NINJAPLUGIN\RELEASE RETAIL\NINJA_BO3.PDB
C:\Users\Silent2\Desktop\silent\NiNJA_COD_ENGINE\NiNJA_COD_ENGINE\BO3\NinjaPlugin\Release Retail\NiNJA_BO3.xdb
C:\USERS\SILENT2\DESKTOP\SILENT\NINJA_COD_ENGINE\NINJA_COD_ENGINE\BO3\NINJAPLUGIN\RELEASE RETAIL\NINJA_PLUGIN.OBJ
C:\USERS\SILENT2\DESKTOP\SILENT\NINJA_COD_ENGINE\NINJA_COD_ENGINE\BO3\NINJAPLUGIN\RELEASE RETAIL\STDAFX.OBJ
C:\USERS\SILENT2\DESKTOP\SILENT\NINJA_COD_ENGINE\NINJA_COD_ENGINE\BO3\NINJAPLUGIN\RELEASE RETAIL\TITLESPECIFICHOOKS.OBJ
C:\USERS\SILENT2\DESKTOP\SILENT\NINJA_COD_ENGINE\NINJA_COD_ENGINE\BO3\NINJAPLUGIN\RELEASE RETAIL\UTILITIES.OBJ
C:\USERS\SILENT2\DESKTOP\SILENT\NINJA_COD_ENGINE\NINJA_COD_ENGINE\BO3\NINJAPLUGIN\RELEASE RETAIL\VC100.PDB
C:\USERS\SILENT2\DESKTOP\SILENT\NINJA_COD_ENGINE\NINJA_COD_ENGINE\BO3\NINJAPLUGIN\RELEASE RETAIL\XBLSMSGR.OBJ
